#
# A fatal error has been detected by the Java Runtime Environment:
#
#  SIGBUS (0x7) at pc=0x00007ffbf1067b7e, pid=25035, tid=25050
#
# JRE version: OpenJDK Runtime Environment Temurin-17.0.13+11 (17.0.13+11) (build 17.0.13+11)
# Java VM: OpenJDK 64-Bit Server VM Temurin-17.0.13+11 (17.0.13+11, mixed mode, tiered, compressed oops, compressed class ptrs, parallel gc, linux-amd64)
# Problematic frame:
# V  [libjvm.so+0xc67b7e]  PerfLongVariant::sample()+0x1e
#
# Core dump will be written. Default location: Core dumps may be processed with "/sbin/crash_reporter --user=%P:%s:%u:%g:%f" (or dumping to /home/aojunttila/coding/scheduleOptimizer/core.25035)
#
# If you would like to submit a bug report, please visit:
#   https://github.com/adoptium/adoptium-support/issues
#

---------------  S U M M A R Y ------------

Command Line: --add-modules=ALL-SYSTEM --add-opens=java.base/java.util=ALL-UNNAMED --add-opens=java.base/java.lang=ALL-UNNAMED --add-opens=java.base/sun.nio.fs=ALL-UNNAMED -Declipse.application=org.eclipse.jdt.ls.core.id1 -Dosgi.bundles.defaultStartLevel=4 -Declipse.product=org.eclipse.jdt.ls.core.product -Djava.import.generatesMetadataFilesAtProjectRoot=false -DDetectVMInstallationsJob.disabled=true -Dfile.encoding=utf8 -XX:+UseParallelGC -XX:GCTimeRatio=4 -XX:AdaptiveSizePolicyWeight=90 -Dsun.zip.disableMemoryMapping=true -Xmx1G -Xms100m -Xlog:disable -javaagent:/home/aojunttila/.vscode/extensions/redhat.java-1.37.0-linux-x64/lombok/lombok-1.18.34.jar -XX:+HeapDumpOnOutOfMemoryError -XX:HeapDumpPath=/home/aojunttila/.config/Code/User/workspaceStorage/4094315b4d4865c097935e6c0e80e935/redhat.java -Daether.dependencyCollector.impl=bf /home/aojunttila/.vscode/extensions/redhat.java-1.37.0-linux-x64/server/plugins/org.eclipse.equinox.launcher_1.6.900.v20240613-2009.jar -configuration /home/aojunttila/.config/Code/User/globalStorage/redhat.java/1.37.0/config_linux -data /home/aojunttila/.config/Code/User/workspaceStorage/4094315b4d4865c097935e6c0e80e935/redhat.java/jdt_ws --pipe=/run/user/1000/lsp-2a584895b0f3bfd0d9c7d4cb2ba3df3d.sock

Host: Intel(R) Celeron(R) N5100 @ 1.10GHz, 4 cores, 6G, Debian GNU/Linux 12 (bookworm)
Time: Fri Jan 10 10:46:49 2025 CST elapsed time: 6.870765 seconds (0d 0h 0m 6s)

---------------  T H R E A D  ---------------

Current thread (0x00007ffbec2de330):  WatcherThread [stack: 0x00007ffbcde00000,0x00007ffbcdf00000] [id=25050]

Stack: [0x00007ffbcde00000,0x00007ffbcdf00000],  sp=0x00007ffbcdefed40,  free space=1019k
Native frames: (J=compiled Java code, j=interpreted, Vv=VM code, C=native code)
V  [libjvm.so+0xc67b7e]  PerfLongVariant::sample()+0x1e
V  [libjvm.so+0xda50f2]  StatSamplerTask::task()+0x32
V  [libjvm.so+0xe2cddc]  PeriodicTask::real_time_tick(int)+0x5c
V  [libjvm.so+0xbf8127]  WatcherThread::run()+0x47
V  [libjvm.so+0xe6ba0a]  Thread::call_run()+0xaa
V  [libjvm.so+0xc28b43]  thread_native_entry(Thread*)+0xe3


siginfo: si_signo: 7 (SIGBUS), si_code: 2 (BUS_ADRERR), si_addr: 0x00007ffbf029fea8

Registers:
RAX=0x0000000000145790, RBX=0x00007ffbf029fea8, RCX=0x00007ffbf0fe17a0, RDX=0x0000000000000000
RSP=0x00007ffbcdefed40, RBP=0x00007ffbcdefed50, RSI=0x0000000000000000, RDI=0x00007ffbec02a288
R8 =0x00007ffbec0454d0, R9 =0x0000000000000000, R10=0x0000000000000000, R11=0x0000000000000246
R12=0x00007ffbec331a00, R13=0x0000000000000001, R14=0x0000000000000002, R15=0x00007ffbf17336c0
RIP=0x00007ffbf1067b7e, EFLAGS=0x0000000000010206, CSGSFS=0x002b000000000033, ERR=0x0000000000000007
  TRAPNO=0x000000000000000e


Register to memory mapping:

RAX=0x0000000000145790 is an unknown value
RBX=0x00007ffbf029fea8 points into unknown readable memory: 0x0000000000145790 | 90 57 14 00 00 00 00 00
RCX=0x00007ffbf0fe17a0: <offset 0x0000000000be17a0> in /home/aojunttila/.vscode/extensions/redhat.java-1.37.0-linux-x64/jre/17.0.13-linux-x86_64/lib/server/libjvm.so at 0x00007ffbf0400000
RDX=0x0 is NULL
RSP=0x00007ffbcdefed40 points into unknown readable memory: 0x00007ffbcdefed70 | 70 ed ef cd fb 7f 00 00
RBP=0x00007ffbcdefed50 points into unknown readable memory: 0x00007ffbcdefed70 | 70 ed ef cd fb 7f 00 00
RSI=0x0 is NULL
RDI=0x00007ffbec02a288 points into unknown readable memory: 0x0000000000000000 | 00 00 00 00 00 00 00 00
R8 =0x00007ffbec0454d0 points into unknown readable memory: 0x00007ffbf1620538 | 38 05 62 f1 fb 7f 00 00
R9 =0x0 is NULL
R10=0x0 is NULL
R11=0x0000000000000246 is an unknown value
R12=0x00007ffbec331a00 points into unknown readable memory: 0x00007ffbec331a20 | 20 1a 33 ec fb 7f 00 00
R13=0x0000000000000001 is an unknown value
R14=0x0000000000000002 is an unknown value
R15=0x00007ffbf17336c0: <offset 0x00000000013336c0> in /home/aojunttila/.vscode/extensions/redhat.java-1.37.0-linux-x64/jre/17.0.13-linux-x86_64/lib/server/libjvm.so at 0x00007ffbf0400000


Top of Stack: (sp=0x00007ffbcdefed40)
0x00007ffbcdefed40:   00007ffbcdefed70 0000000000000001
0x00007ffbcdefed50:   00007ffbcdefed70 00007ffbf11a50f2
0x00007ffbcdefed60:   0000000000000032 0000000000000032
0x00007ffbcdefed70:   00007ffbcdefedc0 00007ffbf122cddc
0x00007ffbcdefed80:   00007ffbec331ca0 00007ffbec02aef0
0x00007ffbcdefed90:   00007ffbcdefedc0 00007ffbec2de330
0x00007ffbcdefeda0:   0000000000000032 00007ffbcde00000
0x00007ffbcdefedb0:   0000000000100000 00007ffbcddff000
0x00007ffbcdefedc0:   00007ffbcdefee40 00007ffbf0ff8127
0x00007ffbcdefedd0:   00007ffbec341c68 64644776519a8e00
0x00007ffbcdefede0:   00007ffb98000030 00007ffbec331ca0
0x00007ffbcdefedf0:   00007ffbcdefee40 00007ffbcdefee10
0x00007ffbcdefee00:   00007ffbcde00000 00007ffbf1027533
0x00007ffbcdefee10:   6f69726550204d56 00007ffbec331ca0
0x00007ffbcdefee20:   00007ffbec2de330 00007ffbcde00000
0x00007ffbcdefee30:   0000000000100000 00007ffbcddff000
0x00007ffbcdefee40:   00007ffbcdefeea0 00007ffbf126ba0a
0x00007ffbcdefee50:   00007ffbcdefee80 00007ffbec341c60
0x00007ffbcdefee60:   0000000000000000 00007ffbec2de330
0x00007ffbcdefee70:   00007ffbcdefeea0 00007ffbf0fe1c29
0x00007ffbcdefee80:   00007ffbcdefeed0 00007ffbec341c60
0x00007ffbcdefee90:   00007ffbec2de330 00007ffbf03fe7d0
0x00007ffbcdefeea0:   00007ffbcdefeed0 00007ffbf1028b43
0x00007ffbcdefeeb0:   0000000000000000 00007ffbcdeff6c0
0x00007ffbcdefeec0:   ffffffffffffff80 0000000000000016
0x00007ffbcdefeed0:   0000000000000000 00007ffbf18c3144
0x00007ffbcdefeee0:   0000000000000000 00007ffbcdeff6c0
0x00007ffbcdefeef0:   00007ffbcdeff6c0 09ac81b17d4b5de5
0x00007ffbcdefef00:   ffffffffffffff80 0000000000000016
0x00007ffbcdefef10:   00007ffbf03fe7d0 00007ffbcddff000
0x00007ffbcdefef20:   f65b1a6ea08b5de5 f65b62a923295de5
0x00007ffbcdefef30:   0000000000000000 0000000000000000 

Instructions: (pc=0x00007ffbf1067b7e)
0x00007ffbf1067a7e:   83 c4 08 5b 41 5c 41 5d 41 5e 41 5f 5d c3 0f 1f
0x00007ffbf1067a8e:   40 00 31 f6 4c 89 e7 e8 46 4f 20 00 e9 80 ff ff
0x00007ffbf1067a9e:   ff 90 31 f6 4c 89 e7 e8 36 4f 20 00 e9 0f ff ff
0x00007ffbf1067aae:   ff 90 31 f6 4c 89 e7 e8 26 4f 20 00 e9 96 fe ff
0x00007ffbf1067abe:   ff 90 be 01 00 00 00 4c 89 e7 e8 93 40 07 00 e9
0x00007ffbf1067ace:   63 fe ff ff 66 0f 1f 44 00 00 be 01 00 00 00 4c
0x00007ffbf1067ade:   89 e7 e8 7b 40 07 00 e9 19 ff ff ff 66 0f 1f 44
0x00007ffbf1067aee:   00 00 48 8d 05 51 e8 65 00 48 8d 0d 56 df 39 00
0x00007ffbf1067afe:   48 8d 15 65 df 39 00 be 44 01 00 00 48 8d 3d 47
0x00007ffbf1067b0e:   de 39 00 48 8b 00 c6 00 58 31 c0 e8 22 12 9a ff
0x00007ffbf1067b1e:   e8 bd bc fb ff e9 ba fe ff ff 0f 1f 84 00 00 00
0x00007ffbf1067b2e:   00 00 be 01 00 00 00 4c 89 e7 e8 23 40 07 00 e9
0x00007ffbf1067b3e:   50 fe ff ff 66 0f 1f 44 00 00 4c 89 e7 45 31 e4
0x00007ffbf1067b4e:   e8 6d f5 1f 00 e9 bc fd ff ff 0f 1f 84 00 00 00
0x00007ffbf1067b5e:   00 00 4c 8b 47 38 4d 85 c0 74 27 55 48 89 e5 53
0x00007ffbf1067b6e:   48 83 ec 08 49 8b 00 48 8b 5f 28 4c 89 c7 ff 10
0x00007ffbf1067b7e:   48 89 03 48 8b 5d f8 c9 c3 66 0f 1f 84 00 00 00
0x00007ffbf1067b8e:   00 00 c3 90 66 66 2e 0f 1f 84 00 00 00 00 00 0f
0x00007ffbf1067b9e:   1f 00 49 89 f8 48 89 f7 48 63 f2 49 8b 40 28 48
0x00007ffbf1067bae:   8d 15 25 db 3a 00 48 8b 08 31 c0 e9 72 b4 5e ff
0x00007ffbf1067bbe:   66 90 49 89 f8 31 c0 48 89 f7 48 63 f2 49 8b 48
0x00007ffbf1067bce:   28 48 8d 15 50 ca 35 00 e9 55 b4 5e ff 90 0f 1f
0x00007ffbf1067bde:   40 00 55 48 8d 05 e0 51 65 00 66 41 0f 6e c0 66
0x00007ffbf1067bee:   0f 6e c9 66 0f 62 c1 48 89 e5 41 57 49 89 d7 41
0x00007ffbf1067bfe:   56 41 55 4c 63 ee 41 54 53 48 89 fb 48 83 ec 18
0x00007ffbf1067c0e:   48 89 07 48 8d 05 88 32 67 00 48 c7 47 08 00 00
0x00007ffbf1067c1e:   00 00 4e 8b 34 e8 c6 47 18 00 48 c7 47 28 00 00
0x00007ffbf1067c2e:   00 00 66 0f d6 47 10 48 89 d7 e8 e3 b7 5e ff 4c
0x00007ffbf1067c3e:   89 f7 48 89 45 c8 e8 d7 b7 5e ff 48 8b 55 c8 be
0x00007ffbf1067c4e:   08 00 00 00 4c 8d 4c 02 02 31 d2 4c 89 cf 4c 89
0x00007ffbf1067c5e:   4d c8 e8 6b ed 75 ff 41 83 fd 18 4c 8b 4d c8 48
0x00007ffbf1067c6e:   89 43 08 48 89 c7 74 52 48 8d 15 2b 81 38 00 4d 


Stack slot to memory mapping:
stack at sp + 0 slots: 0x00007ffbcdefed70 points into unknown readable memory: 0x00007ffbcdefedc0 | c0 ed ef cd fb 7f 00 00
stack at sp + 1 slots: 0x0000000000000001 is an unknown value
stack at sp + 2 slots: 0x00007ffbcdefed70 points into unknown readable memory: 0x00007ffbcdefedc0 | c0 ed ef cd fb 7f 00 00
stack at sp + 3 slots: 0x00007ffbf11a50f2: <offset 0x0000000000da50f2> in /home/aojunttila/.vscode/extensions/redhat.java-1.37.0-linux-x64/jre/17.0.13-linux-x86_64/lib/server/libjvm.so at 0x00007ffbf0400000
stack at sp + 4 slots: 0x0000000000000032 is an unknown value
stack at sp + 5 slots: 0x0000000000000032 is an unknown value
stack at sp + 6 slots: 0x00007ffbcdefedc0 points into unknown readable memory: 0x00007ffbcdefee40 | 40 ee ef cd fb 7f 00 00
stack at sp + 7 slots: 0x00007ffbf122cddc: <offset 0x0000000000e2cddc> in /home/aojunttila/.vscode/extensions/redhat.java-1.37.0-linux-x64/jre/17.0.13-linux-x86_64/lib/server/libjvm.so at 0x00007ffbf0400000


---------------  P R O C E S S  ---------------

Threads class SMR info:
_java_thread_list=0x00007ffb84312980, length=19, elements={
0x00007ffbec02cda0, 0x00007ffbec167cc0, 0x00007ffbec169240, 0x00007ffbec1909e0,
0x00007ffbec1941f0, 0x00007ffbec195260, 0x00007ffbec1968c0, 0x00007ffbec197dd0,
0x00007ffbec1a1210, 0x00007ffbec22fe50, 0x00007ffbec330dc0, 0x00007ffbec5597a0,
0x00007ffbec5a5d90, 0x00007ffb8c018ff0, 0x00007ffbec5a8150, 0x00007ffb844548a0,
0x00007ffb8448da40, 0x00007ffb844e7d30, 0x00007ffb84313e50
}

Java Threads: ( => current thread )
  0x00007ffbec02cda0 JavaThread "main" [_thread_blocked, id=25036, stack(0x00007ffbf0300000,0x00007ffbf0400000)]
  0x00007ffbec167cc0 JavaThread "Reference Handler" daemon [_thread_blocked, id=25039, stack(0x00007ffbd8b99000,0x00007ffbd8c99000)]
  0x00007ffbec169240 JavaThread "Finalizer" daemon [_thread_blocked, id=25040, stack(0x00007ffbd8a99000,0x00007ffbd8b99000)]
  0x00007ffbec1909e0 JavaThread "Signal Dispatcher" daemon [_thread_blocked, id=25041, stack(0x00007ffbd8999000,0x00007ffbd8a99000)]
  0x00007ffbec1941f0 JavaThread "Service Thread" daemon [_thread_blocked, id=25042, stack(0x00007ffbd8500000,0x00007ffbd8600000)]
  0x00007ffbec195260 JavaThread "Monitor Deflation Thread" daemon [_thread_blocked, id=25043, stack(0x00007ffbd8400000,0x00007ffbd8500000)]
  0x00007ffbec1968c0 JavaThread "C2 CompilerThread0" daemon [_thread_in_vm, id=25044, stack(0x00007ffbd8300000,0x00007ffbd8400000)]
  0x00007ffbec197dd0 JavaThread "C1 CompilerThread0" daemon [_thread_blocked, id=25045, stack(0x00007ffbd8200000,0x00007ffbd8300000)]
  0x00007ffbec1a1210 JavaThread "Sweeper thread" daemon [_thread_blocked, id=25046, stack(0x00007ffbd8100000,0x00007ffbd8200000)]
  0x00007ffbec22fe50 JavaThread "Common-Cleaner" daemon [_thread_blocked, id=25047, stack(0x00007ffbd8000000,0x00007ffbd8100000)]
  0x00007ffbec330dc0 JavaThread "Notification Thread" daemon [_thread_blocked, id=25049, stack(0x00007ffbcdf00000,0x00007ffbce000000)]
  0x00007ffbec5597a0 JavaThread "Active Thread: Equinox Container: e9d53be0-dc5c-49cf-8a28-caab055425a8" [_thread_blocked, id=25054, stack(0x00007ffbcd9fc000,0x00007ffbcdafc000)]
  0x00007ffbec5a5d90 JavaThread "Refresh Thread: Equinox Container: e9d53be0-dc5c-49cf-8a28-caab055425a8" daemon [_thread_blocked, id=25055, stack(0x00007ffbcd8fc000,0x00007ffbcd9fc000)]
  0x00007ffb8c018ff0 JavaThread "Framework Event Dispatcher: Equinox Container: e9d53be0-dc5c-49cf-8a28-caab055425a8" daemon [_thread_blocked, id=25056, stack(0x00007ffbcd500000,0x00007ffbcd600000)]
  0x00007ffbec5a8150 JavaThread "Start Level: Equinox Container: e9d53be0-dc5c-49cf-8a28-caab055425a8" daemon [_thread_in_Java, id=25057, stack(0x00007ffbcd400000,0x00007ffbcd500000)]
  0x00007ffb844548a0 JavaThread "Bundle File Closer" daemon [_thread_blocked, id=25058, stack(0x00007ffbcd300000,0x00007ffbcd400000)]
  0x00007ffb8448da40 JavaThread "SCR Component Actor" daemon [_thread_blocked, id=25059, stack(0x00007ffbcd200000,0x00007ffbcd300000)]
  0x00007ffb844e7d30 JavaThread "SCR Component Registry" daemon [_thread_blocked, id=25060, stack(0x00007ffbcd100000,0x00007ffbcd200000)]
  0x00007ffb84313e50 JavaThread "Worker-JM" [_thread_blocked, id=25061, stack(0x00007ffbcd000000,0x00007ffbcd100000)]

Other Threads:
  0x00007ffbec06db20 VMThread "VM Thread" [stack: 0x00007ffbd8c9a000,0x00007ffbd8d9a000] [id=25038]
=>0x00007ffbec2de330 WatcherThread [stack: 0x00007ffbcde00000,0x00007ffbcdf00000] [id=25050]
  0x00007ffbec044440 GCTaskThread "GC Thread#0" [stack: 0x00007ffbebf00000,0x00007ffbec000000] [id=25037]
  0x00007ffbc8001230 GCTaskThread "GC Thread#1" [stack: 0x00007ffbcdcff000,0x00007ffbcddff000] [id=25051]
  0x00007ffbc8002b70 GCTaskThread "GC Thread#2" [stack: 0x00007ffbcdbfe000,0x00007ffbcdcfe000] [id=25052]
  0x00007ffbc8003580 GCTaskThread "GC Thread#3" [stack: 0x00007ffbcdafd000,0x00007ffbcdbfd000] [id=25053]

Threads with active compile tasks:
C2 CompilerThread0     6913 2676       4       java.util.Properties::loadConvert (540 bytes)

VM state: not at safepoint (normal execution)

VM Mutex/Monitor currently owned by a thread:  ([mutex/lock_event])
[0x00007ffbec02a540] CompileStatistics_lock - owner thread: 0x00007ffbec1968c0
[0x00007ffbec02aef0] PeriodicTask_lock - owner thread: 0x00007ffbec2de330

Heap address: 0x00000000c0000000, size: 1024 MB, Compressed Oops mode: 32-bit

CDS archive(s) not mapped
Compressed class space mapped at: 0x0000000100000000-0x0000000140000000, reserved size: 1073741824
Narrow klass base: 0x0000000000000000, Narrow klass shift: 3, Narrow klass range: 0x140000000

GC Precious Log:
 CPUs: 4 total, 4 available
 Memory: 6555M
 Large Page Support: Disabled
 NUMA Support: Disabled
 Compressed Oops: Enabled (32-bit)
 Alignments: Space 512K, Generation 512K, Heap 2M
 Heap Min Capacity: 100M
 Heap Initial Capacity: 100M
 Heap Max Capacity: 1G
 Pre-touch: Disabled
 Parallel Workers: 4

Heap:
 PSYoungGen      total 29696K, used 1301K [0x00000000eab00000, 0x00000000ece00000, 0x0000000100000000)
  eden space 25600K, 5% used [0x00000000eab00000,0x00000000eac45790,0x00000000ec400000)
  from space 4096K, 0% used [0x00000000ec400000,0x00000000ec400000,0x00000000ec800000)
  to   space 5120K, 0% used [0x00000000ec900000,0x00000000ec900000,0x00000000ece00000)
 ParOldGen       total 68608K, used 10512K [0x00000000c0000000, 0x00000000c4300000, 0x00000000eab00000)
  object space 68608K, 15% used [0x00000000c0000000,0x00000000c0a443c0,0x00000000c4300000)
 Metaspace       used 21271K, committed 21632K, reserved 1114112K
  class space    used 2153K, committed 2304K, reserved 1048576K

Card table byte_map: [0x00007ffbd9fff000,0x00007ffbda200000] _byte_map_base: 0x00007ffbd99ff000

Marking Bits: (ParMarkBitMap*) 0x00007ffbf1729480
 Begin Bits: [0x00007ffbd2000000, 0x00007ffbd3000000)
 End Bits:   [0x00007ffbd3000000, 0x00007ffbd4000000)

Polling page: 0x00007ffbf02de000

Metaspace:

Usage:
  Non-class:     18.67 MB used.
      Class:      2.10 MB used.
       Both:     20.77 MB used.

Virtual space:
  Non-class space:       64.00 MB reserved,      18.88 MB ( 29%) committed,  1 nodes.
      Class space:        1.00 GB reserved,       2.25 MB ( <1%) committed,  1 nodes.
             Both:        1.06 GB reserved,      21.12 MB (  2%) committed. 

Chunk freelists:
   Non-Class:  12.64 MB
       Class:  13.69 MB
        Both:  26.33 MB

MaxMetaspaceSize: unlimited
CompressedClassSpaceSize: 1.00 GB
Initial GC threshold: 21.00 MB
Current GC threshold: 35.00 MB
CDS: off
MetaspaceReclaimPolicy: balanced
 - commit_granule_bytes: 65536.
 - commit_granule_words: 8192.
 - virtual_space_node_default_size: 8388608.
 - enlarge_chunks_in_place: 1.
 - new_chunks_are_fully_committed: 0.
 - uncommit_free_chunks: 1.
 - use_allocation_guard: 0.
 - handle_deallocations: 1.


Internal statistics:

num_allocs_failed_limit: 3.
num_arena_births: 210.
num_arena_deaths: 0.
num_vsnodes_births: 2.
num_vsnodes_deaths: 0.
num_space_committed: 338.
num_space_uncommitted: 0.
num_chunks_returned_to_freelist: 3.
num_chunks_taken_from_freelist: 675.
num_chunk_merges: 3.
num_chunk_splits: 436.
num_chunks_enlarged: 296.
num_inconsistent_stats: 0.

CodeHeap 'non-profiled nmethods': size=120032Kb used=1022Kb max_used=1022Kb free=119009Kb
 bounds [0x00007ffbe1cc8000, 0x00007ffbe1f38000, 0x00007ffbe9200000]
CodeHeap 'profiled nmethods': size=120028Kb used=5221Kb max_used=5221Kb free=114806Kb
 bounds [0x00007ffbda200000, 0x00007ffbda720000, 0x00007ffbe1737000]
CodeHeap 'non-nmethods': size=5700Kb used=1178Kb max_used=1195Kb free=4521Kb
 bounds [0x00007ffbe1737000, 0x00007ffbe19a7000, 0x00007ffbe1cc8000]
 total_blobs=3157 nmethods=2678 adapters=395
 compilation: enabled
              stopped_count=0, restarted_count=0
 full_count=0

Compilation events (20 events):
Event: 6.687 Thread 0x00007ffbec197dd0 nmethod 2674 0x00007ffbda716710 code [0x00007ffbda7168c0, 0x00007ffbda716af0]
Event: 6.687 Thread 0x00007ffbec197dd0 2669       3       java.lang.reflect.Field::getFieldAccessor (35 bytes)
Event: 6.688 Thread 0x00007ffbec197dd0 nmethod 2669 0x00007ffbda716c10 code [0x00007ffbda716dc0, 0x00007ffbda716fa0]
Event: 6.688 Thread 0x00007ffbec197dd0 2670       3       jdk.internal.misc.Unsafe::staticFieldOffset (18 bytes)
Event: 6.688 Thread 0x00007ffbec197dd0 nmethod 2670 0x00007ffbda717090 code [0x00007ffbda717240, 0x00007ffbda717470]
Event: 6.688 Thread 0x00007ffbec197dd0 2675       3       java.lang.reflect.Modifier::isVolatile (13 bytes)
Event: 6.688 Thread 0x00007ffbec197dd0 nmethod 2675 0x00007ffbda717590 code [0x00007ffbda717720, 0x00007ffbda717850]
Event: 6.689 Thread 0x00007ffbec197dd0 2677       3       org.eclipse.osgi.internal.weaving.WovenClassImpl::setHooksComplete (37 bytes)
Event: 6.689 Thread 0x00007ffbec197dd0 nmethod 2677 0x00007ffbda717910 code [0x00007ffbda717ac0, 0x00007ffbda717d20]
Event: 6.690 Thread 0x00007ffbec197dd0 2678       3       java.lang.ref.ReferenceQueue::reallyPoll (65 bytes)
Event: 6.691 Thread 0x00007ffbec197dd0 nmethod 2678 0x00007ffbda717e10 code [0x00007ffbda717fe0, 0x00007ffbda718410]
Event: 6.691 Thread 0x00007ffbec197dd0 2680       3       sun.invoke.util.VerifyAccess::isTypeVisible (47 bytes)
Event: 6.694 Thread 0x00007ffbec197dd0 nmethod 2680 0x00007ffbda718510 code [0x00007ffbda718700, 0x00007ffbda718af0]
Event: 6.697 Thread 0x00007ffbec197dd0 2682       1       org.eclipse.core.internal.registry.Handle::getId (5 bytes)
Event: 6.698 Thread 0x00007ffbec197dd0 nmethod 2682 0x00007ffbe1dc5910 code [0x00007ffbe1dc5aa0, 0x00007ffbe1dc5b70]
Event: 6.700 Thread 0x00007ffbec197dd0 2683       3       jdk.internal.reflect.ReflectionFactory::copyConstructor (11 bytes)
Event: 6.700 Thread 0x00007ffbec197dd0 nmethod 2683 0x00007ffbda718d10 code [0x00007ffbda718ec0, 0x00007ffbda7190a0]
Event: 6.700 Thread 0x00007ffbec197dd0 2684       3       java.lang.reflect.ReflectAccess::copyConstructor (5 bytes)
Event: 6.701 Thread 0x00007ffbec197dd0 nmethod 2684 0x00007ffbda719210 code [0x00007ffbda7193c0, 0x00007ffbda719500]
Event: 6.784 Thread 0x00007ffbec1968c0 nmethod 2676 0x00007ffbe1dc5c10 code [0x00007ffbe1dc5e20, 0x00007ffbe1dc6ee8]

GC Heap History (12 events):
Event: 2.672 GC heap before
{Heap before GC invocations=1 (full 0):
 PSYoungGen      total 29696K, used 25600K [0x00000000eab00000, 0x00000000ecc00000, 0x0000000100000000)
  eden space 25600K, 100% used [0x00000000eab00000,0x00000000ec400000,0x00000000ec400000)
  from space 4096K, 0% used [0x00000000ec800000,0x00000000ec800000,0x00000000ecc00000)
  to   space 4096K, 0% used [0x00000000ec400000,0x00000000ec400000,0x00000000ec800000)
 ParOldGen       total 68608K, used 0K [0x00000000c0000000, 0x00000000c4300000, 0x00000000eab00000)
  object space 68608K, 0% used [0x00000000c0000000,0x00000000c0000000,0x00000000c4300000)
 Metaspace       used 10969K, committed 11136K, reserved 1114112K
  class space    used 1102K, committed 1216K, reserved 1048576K
}
Event: 2.698 GC heap after
{Heap after GC invocations=1 (full 0):
 PSYoungGen      total 29696K, used 3172K [0x00000000eab00000, 0x00000000ecc00000, 0x0000000100000000)
  eden space 25600K, 0% used [0x00000000eab00000,0x00000000eab00000,0x00000000ec400000)
  from space 4096K, 77% used [0x00000000ec400000,0x00000000ec719340,0x00000000ec800000)
  to   space 4096K, 0% used [0x00000000ec800000,0x00000000ec800000,0x00000000ecc00000)
 ParOldGen       total 68608K, used 16K [0x00000000c0000000, 0x00000000c4300000, 0x00000000eab00000)
  object space 68608K, 0% used [0x00000000c0000000,0x00000000c0004000,0x00000000c4300000)
 Metaspace       used 10969K, committed 11136K, reserved 1114112K
  class space    used 1102K, committed 1216K, reserved 1048576K
}
Event: 3.670 GC heap before
{Heap before GC invocations=2 (full 0):
 PSYoungGen      total 29696K, used 28772K [0x00000000eab00000, 0x00000000ecc00000, 0x0000000100000000)
  eden space 25600K, 100% used [0x00000000eab00000,0x00000000ec400000,0x00000000ec400000)
  from space 4096K, 77% used [0x00000000ec400000,0x00000000ec719340,0x00000000ec800000)
  to   space 4096K, 0% used [0x00000000ec800000,0x00000000ec800000,0x00000000ecc00000)
 ParOldGen       total 68608K, used 16K [0x00000000c0000000, 0x00000000c4300000, 0x00000000eab00000)
  object space 68608K, 0% used [0x00000000c0000000,0x00000000c0004000,0x00000000c4300000)
 Metaspace       used 14477K, committed 14720K, reserved 1114112K
  class space    used 1463K, committed 1600K, reserved 1048576K
}
Event: 3.688 GC heap after
{Heap after GC invocations=2 (full 0):
 PSYoungGen      total 29696K, used 4067K [0x00000000eab00000, 0x00000000ecc00000, 0x0000000100000000)
  eden space 25600K, 0% used [0x00000000eab00000,0x00000000eab00000,0x00000000ec400000)
  from space 4096K, 99% used [0x00000000ec800000,0x00000000ecbf8ff0,0x00000000ecc00000)
  to   space 4096K, 0% used [0x00000000ec400000,0x00000000ec400000,0x00000000ec800000)
 ParOldGen       total 68608K, used 1515K [0x00000000c0000000, 0x00000000c4300000, 0x00000000eab00000)
  object space 68608K, 2% used [0x00000000c0000000,0x00000000c017ac30,0x00000000c4300000)
 Metaspace       used 14477K, committed 14720K, reserved 1114112K
  class space    used 1463K, committed 1600K, reserved 1048576K
}
Event: 5.166 GC heap before
{Heap before GC invocations=3 (full 0):
 PSYoungGen      total 29696K, used 29667K [0x00000000eab00000, 0x00000000ecc00000, 0x0000000100000000)
  eden space 25600K, 100% used [0x00000000eab00000,0x00000000ec400000,0x00000000ec400000)
  from space 4096K, 99% used [0x00000000ec800000,0x00000000ecbf8ff0,0x00000000ecc00000)
  to   space 4096K, 0% used [0x00000000ec400000,0x00000000ec400000,0x00000000ec800000)
 ParOldGen       total 68608K, used 1515K [0x00000000c0000000, 0x00000000c4300000, 0x00000000eab00000)
  object space 68608K, 2% used [0x00000000c0000000,0x00000000c017ac30,0x00000000c4300000)
 Metaspace       used 16057K, committed 16256K, reserved 1114112K
  class space    used 1629K, committed 1728K, reserved 1048576K
}
Event: 5.190 GC heap after
{Heap after GC invocations=3 (full 0):
 PSYoungGen      total 29696K, used 4086K [0x00000000eab00000, 0x00000000ecc00000, 0x0000000100000000)
  eden space 25600K, 0% used [0x00000000eab00000,0x00000000eab00000,0x00000000ec400000)
  from space 4096K, 99% used [0x00000000ec400000,0x00000000ec7fd9f8,0x00000000ec800000)
  to   space 4096K, 0% used [0x00000000ec800000,0x00000000ec800000,0x00000000ecc00000)
 ParOldGen       total 68608K, used 5274K [0x00000000c0000000, 0x00000000c4300000, 0x00000000eab00000)
  object space 68608K, 7% used [0x00000000c0000000,0x00000000c05268d8,0x00000000c4300000)
 Metaspace       used 16057K, committed 16256K, reserved 1114112K
  class space    used 1629K, committed 1728K, reserved 1048576K
}
Event: 6.153 GC heap before
{Heap before GC invocations=4 (full 0):
 PSYoungGen      total 29696K, used 29686K [0x00000000eab00000, 0x00000000ecc00000, 0x0000000100000000)
  eden space 25600K, 100% used [0x00000000eab00000,0x00000000ec400000,0x00000000ec400000)
  from space 4096K, 99% used [0x00000000ec400000,0x00000000ec7fd9f8,0x00000000ec800000)
  to   space 4096K, 0% used [0x00000000ec800000,0x00000000ec800000,0x00000000ecc00000)
 ParOldGen       total 68608K, used 5274K [0x00000000c0000000, 0x00000000c4300000, 0x00000000eab00000)
  object space 68608K, 7% used [0x00000000c0000000,0x00000000c05268d8,0x00000000c4300000)
 Metaspace       used 19533K, committed 19840K, reserved 1114112K
  class space    used 1994K, committed 2112K, reserved 1048576K
}
Event: 6.165 GC heap after
{Heap after GC invocations=4 (full 0):
 PSYoungGen      total 29696K, used 4069K [0x00000000eab00000, 0x00000000ecc00000, 0x0000000100000000)
  eden space 25600K, 0% used [0x00000000eab00000,0x00000000eab00000,0x00000000ec400000)
  from space 4096K, 99% used [0x00000000ec800000,0x00000000ecbf97e0,0x00000000ecc00000)
  to   space 4096K, 0% used [0x00000000ec400000,0x00000000ec400000,0x00000000ec800000)
 ParOldGen       total 68608K, used 6650K [0x00000000c0000000, 0x00000000c4300000, 0x00000000eab00000)
  object space 68608K, 9% used [0x00000000c0000000,0x00000000c067eb40,0x00000000c4300000)
 Metaspace       used 19533K, committed 19840K, reserved 1114112K
  class space    used 1994K, committed 2112K, reserved 1048576K
}
Event: 6.519 GC heap before
{Heap before GC invocations=5 (full 0):
 PSYoungGen      total 29696K, used 12647K [0x00000000eab00000, 0x00000000ecc00000, 0x0000000100000000)
  eden space 25600K, 33% used [0x00000000eab00000,0x00000000eb3604f8,0x00000000ec400000)
  from space 4096K, 99% used [0x00000000ec800000,0x00000000ecbf97e0,0x00000000ecc00000)
  to   space 4096K, 0% used [0x00000000ec400000,0x00000000ec400000,0x00000000ec800000)
 ParOldGen       total 68608K, used 6650K [0x00000000c0000000, 0x00000000c4300000, 0x00000000eab00000)
  object space 68608K, 9% used [0x00000000c0000000,0x00000000c067eb40,0x00000000c4300000)
 Metaspace       used 21129K, committed 21504K, reserved 1114112K
  class space    used 2136K, committed 2304K, reserved 1048576K
}
Event: 6.538 GC heap after
{Heap after GC invocations=5 (full 0):
 PSYoungGen      total 29696K, used 4086K [0x00000000eab00000, 0x00000000ece00000, 0x0000000100000000)
  eden space 25600K, 0% used [0x00000000eab00000,0x00000000eab00000,0x00000000ec400000)
  from space 4096K, 99% used [0x00000000ec400000,0x00000000ec7fda00,0x00000000ec800000)
  to   space 5120K, 0% used [0x00000000ec900000,0x00000000ec900000,0x00000000ece00000)
 ParOldGen       total 68608K, used 6922K [0x00000000c0000000, 0x00000000c4300000, 0x00000000eab00000)
  object space 68608K, 10% used [0x00000000c0000000,0x00000000c06c2b40,0x00000000c4300000)
 Metaspace       used 21129K, committed 21504K, reserved 1114112K
  class space    used 2136K, committed 2304K, reserved 1048576K
}
Event: 6.538 GC heap before
{Heap before GC invocations=6 (full 1):
 PSYoungGen      total 29696K, used 4086K [0x00000000eab00000, 0x00000000ece00000, 0x0000000100000000)
  eden space 25600K, 0% used [0x00000000eab00000,0x00000000eab00000,0x00000000ec400000)
  from space 4096K, 99% used [0x00000000ec400000,0x00000000ec7fda00,0x00000000ec800000)
  to   space 5120K, 0% used [0x00000000ec900000,0x00000000ec900000,0x00000000ece00000)
 ParOldGen       total 68608K, used 6922K [0x00000000c0000000, 0x00000000c4300000, 0x00000000eab00000)
  object space 68608K, 10% used [0x00000000c0000000,0x00000000c06c2b40,0x00000000c4300000)
 Metaspace       used 21129K, committed 21504K, reserved 1114112K
  class space    used 2136K, committed 2304K, reserved 1048576K
}
Event: 6.633 GC heap after

Dll operation events (9 events):
Event: 0.031 Loaded shared library /home/aojunttila/.vscode/extensions/redhat.java-1.37.0-linux-x64/jre/17.0.13-linux-x86_64/lib/libjava.so
Event: 0.522 
Event: 0.535 
Event: 0.567 
Event: 0.590 
Event: 0.642 

Event: 2.749 